# JRE version: Java(TM) SE Runtime Environment (7.0_80-b15) (build 1.7.0_80-b15)
# Java VM: Java HotSpot(TM) 64-Bit Server VM (24.80-b11 mixed mode windows-amd64 compressed oops)
Heap
 PSYoungGen      total 32256K, used 20788K [0x00000007ab400000, 0x00000007ad480000, 0x0000000800000000)
  eden space 31232K, 64% used [0x00000007ab400000,0x00000007ac7cd210,0x00000007ad280000)
  from space 1024K, 50% used [0x00000007ad280000,0x00000007ad300000,0x00000007ad380000)
  to   space 1024K, 0% used [0x00000007ad380000,0x00000007ad380000,0x00000007ad480000)
 ParOldGen       total 173568K, used 59455K [0x0000000701c00000, 0x000000070c580000, 0x00000007ab400000)
  object space 173568K, 34% used [0x0000000701c00000,0x000000070560fc68,0x000000070c580000)
 PSPermGen       total 21504K, used 12813K [0x00000006fca00000, 0x00000006fdf00000, 0x0000000701c00000)
  object space 21504K, 59% used [0x00000006fca00000,0x00000006fd683770,0x00000006fdf00000)
GC Heap History (10 events):
Event: 134.181 GC heap before
{Heap before GC invocations=71 (full 0):
 PSYoungGen      total 32256K, used 31712K [0x00000007ab400000, 0x00000007ad480000, 0x0000000800000000)
  eden space 31232K, 100% used [0x00000007ab400000,0x00000007ad280000,0x00000007ad280000)
  from space 1024K, 46% used [0x00000007ad380000,0x00000007ad3f8000,0x00000007ad480000)
  to   space 1024K, 0% used [0x00000007ad280000,0x00000007ad280000,0x00000007ad380000)
 ParOldGen       total 173568K, used 59343K [0x0000000701c00000, 0x000000070c580000, 0x00000007ab400000)
  object space 173568K, 34% used [0x0000000701c00000,0x00000007055f3c68,0x000000070c580000)
 PSPermGen       total 21504K, used 12803K [0x00000006fca00000, 0x00000006fdf00000, 0x0000000701c00000)
  object space 21504K, 59% used [0x00000006fca00000,0x00000006fd680c48,0x00000006fdf00000)
Event: 134.182 GC heap after
Heap after GC invocations=71 (full 0):
 PSYoungGen      total 32256K, used 448K [0x00000007ab400000, 0x00000007ad480000, 0x0000000800000000)
  eden space 31232K, 0% used [0x00000007ab400000,0x00000007ab400000,0x00000007ad280000)
  from space 1024K, 43% used [0x00000007ad280000,0x00000007ad2f0000,0x00000007ad380000)
  to   space 1024K, 0% used [0x00000007ad380000,0x00000007ad380000,0x00000007ad480000)
 ParOldGen       total 173568K, used 59375K [0x0000000701c00000, 0x000000070c580000, 0x00000007ab400000)
  object space 173568K, 34% used [0x0000000701c00000,0x00000007055fbc68,0x000000070c580000)
 PSPermGen       total 21504K, used 12803K [0x00000006fca00000, 0x00000006fdf00000, 0x0000000701c00000)
  object space 21504K, 59% used [0x00000006fca00000,0x00000006fd680c48,0x00000006fdf00000)
}
Event: 135.409 GC heap before
{Heap before GC invocations=72 (full 0):
 PSYoungGen      total 32256K, used 31680K [0x00000007ab400000, 0x00000007ad480000, 0x0000000800000000)
  eden space 31232K, 100% used [0x00000007ab400000,0x00000007ad280000,0x00000007ad280000)
  from space 1024K, 43% used [0x00000007ad280000,0x00000007ad2f0000,0x00000007ad380000)
  to   space 1024K, 0% used [0x00000007ad380000,0x00000007ad380000,0x00000007ad480000)
 ParOldGen       total 173568K, used 59375K [0x0000000701c00000, 0x000000070c580000, 0x00000007ab400000)
  object space 173568K, 34% used [0x0000000701c00000,0x00000007055fbc68,0x000000070c580000)
 PSPermGen       total 21504K, used 12803K [0x00000006fca00000, 0x00000006fdf00000, 0x0000000701c00000)
  object space 21504K, 59% used [0x00000006fca00000,0x00000006fd680c48,0x00000006fdf00000)
Event: 135.410 GC heap after
Heap after GC invocations=72 (full 0):
 PSYoungGen      total 32256K, used 448K [0x00000007ab400000, 0x00000007ad480000, 0x0000000800000000)
  eden space 31232K, 0% used [0x00000007ab400000,0x00000007ab400000,0x00000007ad280000)
  from space 1024K, 43% used [0x00000007ad380000,0x00000007ad3f0000,0x00000007ad480000)
  to   space 1024K, 0% used [0x00000007ad280000,0x00000007ad280000,0x00000007ad380000)
 ParOldGen       total 173568K, used 59375K [0x0000000701c00000, 0x000000070c580000, 0x00000007ab400000)
  object space 173568K, 34% used [0x0000000701c00000,0x00000007055fbc68,0x000000070c580000)
 PSPermGen       total 21504K, used 12803K [0x00000006fca00000, 0x00000006fdf00000, 0x0000000701c00000)
  object space 21504K, 59% used [0x00000006fca00000,0x00000006fd680c48,0x00000006fdf00000)
}
Event: 136.567 GC heap before
{Heap before GC invocations=73 (full 0):
 PSYoungGen      total 32256K, used 31680K [0x00000007ab400000, 0x00000007ad480000, 0x0000000800000000)
  eden space 31232K, 100% used [0x00000007ab400000,0x00000007ad280000,0x00000007ad280000)
  from space 1024K, 43% used [0x00000007ad380000,0x00000007ad3f0000,0x00000007ad480000)
  to   space 1024K, 0% used [0x00000007ad280000,0x00000007ad280000,0x00000007ad380000)
 ParOldGen       total 173568K, used 59375K [0x0000000701c00000, 0x000000070c580000, 0x00000007ab400000)
  object space 173568K, 34% used [0x0000000701c00000,0x00000007055fbc68,0x000000070c580000)
 PSPermGen       total 21504K, used 12803K [0x00000006fca00000, 0x00000006fdf00000, 0x0000000701c00000)
  object space 21504K, 59% used [0x00000006fca00000,0x00000006fd680c48,0x00000006fdf00000)
Event: 136.568 GC heap after
Heap after GC invocations=73 (full 0):
 PSYoungGen      total 32256K, used 512K [0x00000007ab400000, 0x00000007ad480000, 0x0000000800000000)
  eden space 31232K, 0% used [0x00000007ab400000,0x00000007ab400000,0x00000007ad280000)
  from space 1024K, 50% used [0x00000007ad280000,0x00000007ad300000,0x00000007ad380000)
  to   space 1024K, 0% used [0x00000007ad380000,0x00000007ad380000,0x00000007ad480000)
 ParOldGen       total 173568K, used 59399K [0x0000000701c00000, 0x000000070c580000, 0x00000007ab400000)
  object space 173568K, 34% used [0x0000000701c00000,0x0000000705601c68,0x000000070c580000)
 PSPermGen       total 21504K, used 12803K [0x00000006fca00000, 0x00000006fdf00000, 0x0000000701c00000)
  object space 21504K, 59% used [0x00000006fca00000,0x00000006fd680c48,0x00000006fdf00000)
}
Event: 137.674 GC heap before
{Heap before GC invocations=74 (full 0):
 PSYoungGen      total 32256K, used 31744K [0x00000007ab400000, 0x00000007ad480000, 0x0000000800000000)
  eden space 31232K, 100% used [0x00000007ab400000,0x00000007ad280000,0x00000007ad280000)
  from space 1024K, 50% used [0x00000007ad280000,0x00000007ad300000,0x00000007ad380000)
  to   space 1024K, 0% used [0x00000007ad380000,0x00000007ad380000,0x00000007ad480000)
 ParOldGen       total 173568K, used 59399K [0x0000000701c00000, 0x000000070c580000, 0x00000007ab400000)
  object space 173568K, 34% used [0x0000000701c00000,0x0000000705601c68,0x000000070c580000)
 PSPermGen       total 21504K, used 12803K [0x00000006fca00000, 0x00000006fdf00000, 0x0000000701c00000)
  object space 21504K, 59% used [0x00000006fca00000,0x00000006fd680c48,0x00000006fdf00000)
Event: 137.675 GC heap after
Heap after GC invocations=74 (full 0):
 PSYoungGen      total 32256K, used 416K [0x00000007ab400000, 0x00000007ad480000, 0x0000000800000000)
  eden space 31232K, 0% used [0x00000007ab400000,0x00000007ab400000,0x00000007ad280000)
  from space 1024K, 40% used [0x00000007ad380000,0x00000007ad3e8000,0x00000007ad480000)
  to   space 1024K, 0% used [0x00000007ad280000,0x00000007ad280000,0x00000007ad380000)
 ParOldGen       total 173568K, used 59431K [0x0000000701c00000, 0x000000070c580000, 0x00000007ab400000)
  object space 173568K, 34% used [0x0000000701c00000,0x0000000705609c68,0x000000070c580000)
 PSPermGen       total 21504K, used 12803K [0x00000006fca00000, 0x00000006fdf00000, 0x0000000701c00000)
  object space 21504K, 59% used [0x00000006fca00000,0x00000006fd680c48,0x00000006fdf00000)
}
Event: 138.952 GC heap before
{Heap before GC invocations=75 (full 0):
 PSYoungGen      total 32256K, used 31648K [0x00000007ab400000, 0x00000007ad480000, 0x0000000800000000)
  eden space 31232K, 100% used [0x00000007ab400000,0x00000007ad280000,0x00000007ad280000)
  from space 1024K, 40% used [0x00000007ad380000,0x00000007ad3e8000,0x00000007ad480000)
  to   space 1024K, 0% used [0x00000007ad280000,0x00000007ad280000,0x00000007ad380000)
 ParOldGen       total 173568K, used 59431K [0x0000000701c00000, 0x000000070c580000, 0x00000007ab400000)
  object space 173568K, 34% used [0x0000000701c00000,0x0000000705609c68,0x000000070c580000)
 PSPermGen       total 21504K, used 12803K [0x00000006fca00000, 0x00000006fdf00000, 0x0000000701c00000)
  object space 21504K, 59% used [0x00000006fca00000,0x00000006fd680c48,0x00000006fdf00000)
Event: 138.953 GC heap after
Heap after GC invocations=75 (full 0):
 PSYoungGen      total 32256K, used 512K [0x00000007ab400000, 0x00000007ad480000, 0x0000000800000000)
  eden space 31232K, 0% used [0x00000007ab400000,0x00000007ab400000,0x00000007ad280000)
  from space 1024K, 50% used [0x00000007ad280000,0x00000007ad300000,0x00000007ad380000)
  to   space 1024K, 0% used [0x00000007ad380000,0x00000007ad380000,0x00000007ad480000)
 ParOldGen       total 173568K, used 59455K [0x0000000701c00000, 0x000000070c580000, 0x00000007ab400000)
  object space 173568K, 34% used [0x0000000701c00000,0x000000070560fc68,0x000000070c580000)
 PSPermGen       total 21504K, used 12803K [0x00000006fca00000, 0x00000006fdf00000, 0x0000000701c00000)
  object space 21504K, 59% used [0x00000006fca00000,0x00000006fd680c48,0x00000006fdf00000)
}

